<?xml version="1.0" encoding="UTF-8"?>
<coverage generated="1760801393071" clover="3.2.0">
  <project timestamp="1760801393071" name="All files">
    <metrics statements="199" coveredstatements="134" conditionals="83" coveredconditionals="37" methods="62" coveredmethods="19" elements="344" coveredelements="190" complexity="0" loc="199" ncloc="199" packages="3" files="10" classes="10"/>
    <package name="src">
      <metrics statements="8" coveredstatements="0" conditionals="0" coveredconditionals="0" methods="3" coveredmethods="0"/>
      <file name="App.jsx" path="C:\Users\ACER\Desktop\Exercises\Web\Calculator\Calculator\src\App.jsx">
        <metrics statements="8" coveredstatements="0" conditionals="0" coveredconditionals="0" methods="3" coveredmethods="0"/>
        <line num="11" count="0" type="stmt"/>
        <line num="12" count="0" type="stmt"/>
        <line num="13" count="0" type="stmt"/>
        <line num="14" count="0" type="stmt"/>
        <line num="43" count="0" type="stmt"/>
        <line num="45" count="0" type="stmt"/>
        <line num="57" count="0" type="stmt"/>
        <line num="113" count="0" type="stmt"/>
      </file>
    </package>
    <package name="src.components">
      <metrics statements="43" coveredstatements="0" conditionals="37" coveredconditionals="0" methods="36" coveredmethods="0"/>
      <file name="ButtonGrid.jsx" path="C:\Users\ACER\Desktop\Exercises\Web\Calculator\Calculator\src\components\ButtonGrid.jsx">
        <metrics statements="15" coveredstatements="0" conditionals="0" coveredconditionals="0" methods="15" coveredmethods="0"/>
        <line num="17" count="0" type="stmt"/>
        <line num="65" count="0" type="stmt"/>
        <line num="73" count="0" type="stmt"/>
        <line num="79" count="0" type="stmt"/>
        <line num="85" count="0" type="stmt"/>
        <line num="91" count="0" type="stmt"/>
        <line num="99" count="0" type="stmt"/>
        <line num="105" count="0" type="stmt"/>
        <line num="111" count="0" type="stmt"/>
        <line num="117" count="0" type="stmt"/>
        <line num="125" count="0" type="stmt"/>
        <line num="131" count="0" type="stmt"/>
        <line num="137" count="0" type="stmt"/>
        <line num="143" count="0" type="stmt"/>
        <line num="157" count="0" type="stmt"/>
      </file>
      <file name="CalculatorHeader.jsx" path="C:\Users\ACER\Desktop\Exercises\Web\Calculator\Calculator\src\components\CalculatorHeader.jsx">
        <metrics statements="7" coveredstatements="0" conditionals="4" coveredconditionals="0" methods="5" coveredmethods="0"/>
        <line num="10" count="0" type="stmt"/>
        <line num="16" count="0" type="stmt"/>
        <line num="23" count="0" type="stmt"/>
        <line num="42" count="0" type="stmt"/>
        <line num="43" count="0" type="stmt"/>
        <line num="53" count="0" type="stmt"/>
        <line num="54" count="0" type="stmt"/>
      </file>
      <file name="Display.jsx" path="C:\Users\ACER\Desktop\Exercises\Web\Calculator\Calculator\src\components\Display.jsx">
        <metrics statements="1" coveredstatements="0" conditionals="6" coveredconditionals="0" methods="1" coveredmethods="0"/>
        <line num="2" count="0" type="stmt"/>
      </file>
      <file name="Header.jsx" path="C:\Users\ACER\Desktop\Exercises\Web\Calculator\Calculator\src\components\Header.jsx">
        <metrics statements="1" coveredstatements="0" conditionals="0" coveredconditionals="0" methods="1" coveredmethods="0"/>
        <line num="4" count="0" type="stmt"/>
      </file>
      <file name="HistoryPanel.jsx" path="C:\Users\ACER\Desktop\Exercises\Web\Calculator\Calculator\src\components\HistoryPanel.jsx">
        <metrics statements="3" coveredstatements="0" conditionals="4" coveredconditionals="0" methods="3" coveredmethods="0"/>
        <line num="4" count="0" type="stmt"/>
        <line num="13" count="0" type="stmt"/>
        <line num="26" count="0" type="stmt"/>
      </file>
      <file name="MemoryPanel.jsx" path="C:\Users\ACER\Desktop\Exercises\Web\Calculator\Calculator\src\components\MemoryPanel.jsx">
        <metrics statements="7" coveredstatements="0" conditionals="10" coveredconditionals="0" methods="7" coveredmethods="0"/>
        <line num="13" count="0" type="stmt"/>
        <line num="24" count="0" type="stmt"/>
        <line num="29" count="0" type="stmt"/>
        <line num="30" count="0" type="stmt"/>
        <line num="41" count="0" type="stmt"/>
        <line num="48" count="0" type="stmt"/>
        <line num="55" count="0" type="stmt"/>
      </file>
      <file name="MobileHistoryDrawer.jsx" path="C:\Users\ACER\Desktop\Exercises\Web\Calculator\Calculator\src\components\MobileHistoryDrawer.jsx">
        <metrics statements="8" coveredstatements="0" conditionals="6" coveredconditionals="0" methods="3" coveredmethods="0"/>
        <line num="7" count="0" type="stmt"/>
        <line num="8" count="0" type="cond" truecount="0" falsecount="2"/>
        <line num="9" count="0" type="stmt"/>
        <line num="11" count="0" type="stmt"/>
        <line num="13" count="0" type="stmt"/>
        <line num="14" count="0" type="stmt"/>
        <line num="18" count="0" type="cond" truecount="0" falsecount="2"/>
        <line num="20" count="0" type="stmt"/>
      </file>
      <file name="SidePanel.jsx" path="C:\Users\ACER\Desktop\Exercises\Web\Calculator\Calculator\src\components\SidePanel.jsx">
        <metrics statements="1" coveredstatements="0" conditionals="7" coveredconditionals="0" methods="1" coveredmethods="0"/>
        <line num="18" count="0" type="stmt"/>
      </file>
    </package>
    <package name="src.hooks">
      <metrics statements="148" coveredstatements="134" conditionals="46" coveredconditionals="37" methods="23" coveredmethods="19"/>
      <file name="useCalculator.js" path="C:\Users\ACER\Desktop\Exercises\Web\Calculator\Calculator\src\hooks\useCalculator.js">
        <metrics statements="148" coveredstatements="134" conditionals="46" coveredconditionals="37" methods="23" coveredmethods="19"/>
        <line num="5" count="283" type="stmt"/>
        <line num="6" count="283" type="stmt"/>
        <line num="9" count="283" type="stmt"/>
        <line num="10" count="283" type="stmt"/>
        <line num="11" count="283" type="stmt"/>
        <line num="12" count="283" type="stmt"/>
        <line num="13" count="283" type="stmt"/>
        <line num="16" count="283" type="stmt"/>
        <line num="17" count="283" type="stmt"/>
        <line num="18" count="283" type="stmt"/>
        <line num="21" count="283" type="stmt"/>
        <line num="22" count="132" type="stmt"/>
        <line num="25" count="132" type="cond" truecount="4" falsecount="0"/>
        <line num="32" count="131" type="cond" truecount="2" falsecount="0"/>
        <line num="37" count="86" type="stmt"/>
        <line num="38" count="86" type="stmt"/>
        <line num="39" count="86" type="stmt"/>
        <line num="41" count="45" type="stmt"/>
        <line num="46" count="283" type="stmt"/>
        <line num="47" count="6" type="stmt"/>
        <line num="51" count="283" type="stmt"/>
        <line num="53" count="35" type="stmt"/>
        <line num="60" count="35" type="stmt"/>
        <line num="61" count="35" type="stmt"/>
        <line num="62" count="35" type="stmt"/>
        <line num="63" count="35" type="cond" truecount="1" falsecount="1"/>
        <line num="64" count="35" type="stmt"/>
        <line num="65" count="35" type="stmt"/>
        <line num="69" count="283" type="stmt"/>
        <line num="70" count="31" type="cond" truecount="1" falsecount="1"/>
        <line num="72" count="31" type="stmt"/>
        <line num="75" count="31" type="stmt"/>
        <line num="76" count="31" type="stmt"/>
        <line num="79" count="31" type="stmt"/>
        <line num="85" count="31" type="stmt"/>
        <line num="88" count="31" type="stmt"/>
        <line num="90" count="31" type="cond" truecount="4" falsecount="1"/>
        <line num="92" count="5" type="cond" truecount="2" falsecount="0"/>
        <line num="93" count="2" type="stmt"/>
        <line num="94" count="2" type="stmt"/>
        <line num="95" count="2" type="stmt"/>
        <line num="96" count="2" type="stmt"/>
        <line num="97" count="2" type="stmt"/>
        <line num="99" count="3" type="stmt"/>
        <line num="100" count="3" type="stmt"/>
        <line num="102" count="8" type="stmt"/>
        <line num="103" count="8" type="stmt"/>
        <line num="105" count="5" type="stmt"/>
        <line num="106" count="5" type="stmt"/>
        <line num="108" count="13" type="stmt"/>
        <line num="109" count="13" type="stmt"/>
        <line num="111" count="0" type="stmt"/>
        <line num="114" count="29" type="stmt"/>
        <line num="115" count="29" type="stmt"/>
        <line num="118" count="29" type="stmt"/>
        <line num="125" count="283" type="stmt"/>
        <line num="126" count="8" type="stmt"/>
        <line num="127" count="8" type="stmt"/>
        <line num="128" count="8" type="stmt"/>
        <line num="131" count="8" type="cond" truecount="4" falsecount="1"/>
        <line num="133" count="2" type="stmt"/>
        <line num="134" count="2" type="stmt"/>
        <line num="135" count="2" type="stmt"/>
        <line num="137" count="2" type="cond" truecount="2" falsecount="0"/>
        <line num="138" count="1" type="stmt"/>
        <line num="139" count="1" type="stmt"/>
        <line num="140" count="1" type="stmt"/>
        <line num="141" count="1" type="stmt"/>
        <line num="143" count="1" type="stmt"/>
        <line num="144" count="1" type="stmt"/>
        <line num="145" count="1" type="stmt"/>
        <line num="147" count="2" type="stmt"/>
        <line num="148" count="2" type="stmt"/>
        <line num="149" count="2" type="stmt"/>
        <line num="151" count="2" type="cond" truecount="2" falsecount="0"/>
        <line num="152" count="1" type="stmt"/>
        <line num="153" count="1" type="stmt"/>
        <line num="154" count="1" type="stmt"/>
        <line num="155" count="1" type="stmt"/>
        <line num="157" count="1" type="stmt"/>
        <line num="158" count="1" type="stmt"/>
        <line num="159" count="1" type="stmt"/>
        <line num="161" count="0" type="stmt"/>
        <line num="164" count="6" type="stmt"/>
        <line num="165" count="6" type="stmt"/>
        <line num="166" count="6" type="stmt"/>
        <line num="170" count="283" type="stmt"/>
        <line num="171" count="1" type="stmt"/>
        <line num="175" count="283" type="stmt"/>
        <line num="176" count="5" type="stmt"/>
        <line num="177" count="5" type="stmt"/>
        <line num="178" count="5" type="stmt"/>
        <line num="179" count="5" type="stmt"/>
        <line num="180" count="5" type="stmt"/>
        <line num="181" count="5" type="stmt"/>
        <line num="182" count="5" type="stmt"/>
        <line num="186" count="283" type="stmt"/>
        <line num="188" count="4" type="stmt"/>
        <line num="194" count="283" type="stmt"/>
        <line num="196" count="4" type="cond" truecount="1" falsecount="1"/>
        <line num="200" count="283" type="stmt"/>
        <line num="201" count="283" type="stmt"/>
        <line num="202" count="283" type="stmt"/>
        <line num="203" count="283" type="stmt"/>
        <line num="206" count="283" type="stmt"/>
        <line num="207" count="1" type="stmt"/>
        <line num="208" count="1" type="stmt"/>
        <line num="212" count="283" type="stmt"/>
        <line num="213" count="1" type="cond" truecount="1" falsecount="1"/>
        <line num="214" count="1" type="stmt"/>
        <line num="215" count="1" type="stmt"/>
        <line num="216" count="1" type="stmt"/>
        <line num="221" count="283" type="stmt"/>
        <line num="222" count="2" type="stmt"/>
        <line num="223" count="2" type="cond" truecount="2" falsecount="0"/>
        <line num="224" count="1" type="stmt"/>
        <line num="225" count="1" type="stmt"/>
        <line num="226" count="1" type="stmt"/>
        <line num="228" count="1" type="stmt"/>
        <line num="229" count="1" type="stmt"/>
        <line num="234" count="283" type="stmt"/>
        <line num="235" count="2" type="stmt"/>
        <line num="236" count="2" type="cond" truecount="2" falsecount="0"/>
        <line num="237" count="1" type="stmt"/>
        <line num="238" count="1" type="stmt"/>
        <line num="239" count="1" type="stmt"/>
        <line num="241" count="1" type="stmt"/>
        <line num="242" count="1" type="stmt"/>
        <line num="247" count="283" type="stmt"/>
        <line num="248" count="6" type="stmt"/>
        <line num="249" count="6" type="stmt"/>
        <line num="250" count="6" type="stmt"/>
        <line num="254" count="283" type="stmt"/>
        <line num="255" count="0" type="stmt"/>
        <line num="256" count="0" type="stmt"/>
        <line num="257" count="0" type="cond" truecount="0" falsecount="2"/>
        <line num="258" count="0" type="stmt"/>
        <line num="263" count="283" type="stmt"/>
        <line num="264" count="0" type="stmt"/>
        <line num="265" count="0" type="stmt"/>
        <line num="266" count="0" type="stmt"/>
        <line num="267" count="0" type="stmt"/>
        <line num="271" count="283" type="stmt"/>
        <line num="272" count="0" type="stmt"/>
        <line num="273" count="0" type="stmt"/>
        <line num="274" count="0" type="stmt"/>
        <line num="275" count="0" type="stmt"/>
        <line num="278" count="283" type="stmt"/>
      </file>
    </package>
  </project>
</coverage>
