{"C:\\Users\\ACER\\Desktop\\Exercises\\Web\\Calculator\\Calculator\\src\\App.jsx": {"path":"C:\\Users\\ACER\\Desktop\\Exercises\\Web\\Calculator\\Calculator\\src\\App.jsx","statementMap":{"0":{"start":{"line":11,"column":40},"end":{"line":11,"column":55}},"1":{"start":{"line":12,"column":38},"end":{"line":12,"column":53}},"2":{"start":{"line":13,"column":54},"end":{"line":13,"column":68}},"3":{"start":{"line":14,"column":52},"end":{"line":14,"column":67}},"4":{"start":{"line":43,"column":6},"end":{"line":43,"column":21}},"5":{"start":{"line":45,"column":2},"end":{"line":119,"column":4}},"6":{"start":{"line":57,"column":40},"end":{"line":57,"column":66}},"7":{"start":{"line":113,"column":25},"end":{"line":113,"column":52}}},"fnMap":{"0":{"name":"App","decl":{"start":{"line":10,"column":9},"end":{"line":10,"column":12}},"loc":{"start":{"line":10,"column":15},"end":{"line":120,"column":1}},"line":10},"1":{"name":"(anonymous_1)","decl":{"start":{"line":57,"column":34},"end":{"line":57,"column":35}},"loc":{"start":{"line":57,"column":40},"end":{"line":57,"column":66}},"line":57},"2":{"name":"(anonymous_2)","decl":{"start":{"line":113,"column":19},"end":{"line":113,"column":20}},"loc":{"start":{"line":113,"column":25},"end":{"line":113,"column":52}},"line":113}},"branchMap":{},"s":{"0":0,"1":0,"2":0,"3":0,"4":0,"5":0,"6":0,"7":0},"f":{"0":0,"1":0,"2":0},"b":{}}
,"C:\\Users\\ACER\\Desktop\\Exercises\\Web\\Calculator\\Calculator\\src\\components\\ButtonGrid.jsx": {"path":"C:\\Users\\ACER\\Desktop\\Exercises\\Web\\Calculator\\Calculator\\src\\components\\ButtonGrid.jsx","statementMap":{"0":{"start":{"line":17,"column":2},"end":{"line":175,"column":4}},"1":{"start":{"line":65,"column":23},"end":{"line":65,"column":42}},"2":{"start":{"line":73,"column":23},"end":{"line":73,"column":40}},"3":{"start":{"line":79,"column":23},"end":{"line":79,"column":40}},"4":{"start":{"line":85,"column":23},"end":{"line":85,"column":40}},"5":{"start":{"line":91,"column":23},"end":{"line":91,"column":42}},"6":{"start":{"line":99,"column":23},"end":{"line":99,"column":40}},"7":{"start":{"line":105,"column":23},"end":{"line":105,"column":40}},"8":{"start":{"line":111,"column":23},"end":{"line":111,"column":40}},"9":{"start":{"line":117,"column":23},"end":{"line":117,"column":42}},"10":{"start":{"line":125,"column":23},"end":{"line":125,"column":40}},"11":{"start":{"line":131,"column":23},"end":{"line":131,"column":40}},"12":{"start":{"line":137,"column":23},"end":{"line":137,"column":40}},"13":{"start":{"line":143,"column":23},"end":{"line":143,"column":42}},"14":{"start":{"line":157,"column":23},"end":{"line":157,"column":40}}},"fnMap":{"0":{"name":"ButtonGrid","decl":{"start":{"line":3,"column":9},"end":{"line":3,"column":19}},"loc":{"start":{"line":16,"column":3},"end":{"line":176,"column":1}},"line":16},"1":{"name":"(anonymous_1)","decl":{"start":{"line":65,"column":17},"end":{"line":65,"column":18}},"loc":{"start":{"line":65,"column":23},"end":{"line":65,"column":42}},"line":65},"2":{"name":"(anonymous_2)","decl":{"start":{"line":73,"column":17},"end":{"line":73,"column":18}},"loc":{"start":{"line":73,"column":23},"end":{"line":73,"column":40}},"line":73},"3":{"name":"(anonymous_3)","decl":{"start":{"line":79,"column":17},"end":{"line":79,"column":18}},"loc":{"start":{"line":79,"column":23},"end":{"line":79,"column":40}},"line":79},"4":{"name":"(anonymous_4)","decl":{"start":{"line":85,"column":17},"end":{"line":85,"column":18}},"loc":{"start":{"line":85,"column":23},"end":{"line":85,"column":40}},"line":85},"5":{"name":"(anonymous_5)","decl":{"start":{"line":91,"column":17},"end":{"line":91,"column":18}},"loc":{"start":{"line":91,"column":23},"end":{"line":91,"column":42}},"line":91},"6":{"name":"(anonymous_6)","decl":{"start":{"line":99,"column":17},"end":{"line":99,"column":18}},"loc":{"start":{"line":99,"column":23},"end":{"line":99,"column":40}},"line":99},"7":{"name":"(anonymous_7)","decl":{"start":{"line":105,"column":17},"end":{"line":105,"column":18}},"loc":{"start":{"line":105,"column":23},"end":{"line":105,"column":40}},"line":105},"8":{"name":"(anonymous_8)","decl":{"start":{"line":111,"column":17},"end":{"line":111,"column":18}},"loc":{"start":{"line":111,"column":23},"end":{"line":111,"column":40}},"line":111},"9":{"name":"(anonymous_9)","decl":{"start":{"line":117,"column":17},"end":{"line":117,"column":18}},"loc":{"start":{"line":117,"column":23},"end":{"line":117,"column":42}},"line":117},"10":{"name":"(anonymous_10)","decl":{"start":{"line":125,"column":17},"end":{"line":125,"column":18}},"loc":{"start":{"line":125,"column":23},"end":{"line":125,"column":40}},"line":125},"11":{"name":"(anonymous_11)","decl":{"start":{"line":131,"column":17},"end":{"line":131,"column":18}},"loc":{"start":{"line":131,"column":23},"end":{"line":131,"column":40}},"line":131},"12":{"name":"(anonymous_12)","decl":{"start":{"line":137,"column":17},"end":{"line":137,"column":18}},"loc":{"start":{"line":137,"column":23},"end":{"line":137,"column":40}},"line":137},"13":{"name":"(anonymous_13)","decl":{"start":{"line":143,"column":17},"end":{"line":143,"column":18}},"loc":{"start":{"line":143,"column":23},"end":{"line":143,"column":42}},"line":143},"14":{"name":"(anonymous_14)","decl":{"start":{"line":157,"column":17},"end":{"line":157,"column":18}},"loc":{"start":{"line":157,"column":23},"end":{"line":157,"column":40}},"line":157}},"branchMap":{},"s":{"0":0,"1":0,"2":0,"3":0,"4":0,"5":0,"6":0,"7":0,"8":0,"9":0,"10":0,"11":0,"12":0,"13":0,"14":0},"f":{"0":0,"1":0,"2":0,"3":0,"4":0,"5":0,"6":0,"7":0,"8":0,"9":0,"10":0,"11":0,"12":0,"13":0,"14":0},"b":{}}
,"C:\\Users\\ACER\\Desktop\\Exercises\\Web\\Calculator\\Calculator\\src\\components\\CalculatorHeader.jsx": {"path":"C:\\Users\\ACER\\Desktop\\Exercises\\Web\\Calculator\\Calculator\\src\\components\\CalculatorHeader.jsx","statementMap":{"0":{"start":{"line":10,"column":2},"end":{"line":64,"column":4}},"1":{"start":{"line":16,"column":25},"end":{"line":16,"column":64}},"2":{"start":{"line":23,"column":25},"end":{"line":23,"column":64}},"3":{"start":{"line":42,"column":12},"end":{"line":42,"column":41}},"4":{"start":{"line":43,"column":12},"end":{"line":43,"column":33}},"5":{"start":{"line":53,"column":12},"end":{"line":53,"column":39}},"6":{"start":{"line":54,"column":12},"end":{"line":54,"column":34}}},"fnMap":{"0":{"name":"CalculatorHeader","decl":{"start":{"line":3,"column":9},"end":{"line":3,"column":25}},"loc":{"start":{"line":9,"column":3},"end":{"line":65,"column":1}},"line":9},"1":{"name":"(anonymous_1)","decl":{"start":{"line":16,"column":19},"end":{"line":16,"column":20}},"loc":{"start":{"line":16,"column":25},"end":{"line":16,"column":64}},"line":16},"2":{"name":"(anonymous_2)","decl":{"start":{"line":23,"column":19},"end":{"line":23,"column":20}},"loc":{"start":{"line":23,"column":25},"end":{"line":23,"column":64}},"line":23},"3":{"name":"(anonymous_3)","decl":{"start":{"line":41,"column":19},"end":{"line":41,"column":20}},"loc":{"start":{"line":41,"column":25},"end":{"line":44,"column":11}},"line":41},"4":{"name":"(anonymous_4)","decl":{"start":{"line":52,"column":19},"end":{"line":52,"column":20}},"loc":{"start":{"line":52,"column":25},"end":{"line":55,"column":11}},"line":52}},"branchMap":{"0":{"loc":{"start":{"line":46,"column":12},"end":{"line":46,"column":44}},"type":"cond-expr","locations":[{"start":{"line":46,"column":26},"end":{"line":46,"column":39}},{"start":{"line":46,"column":42},"end":{"line":46,"column":44}}],"line":46},"1":{"loc":{"start":{"line":57,"column":12},"end":{"line":57,"column":43}},"type":"cond-expr","locations":[{"start":{"line":57,"column":25},"end":{"line":57,"column":38}},{"start":{"line":57,"column":41},"end":{"line":57,"column":43}}],"line":57}},"s":{"0":0,"1":0,"2":0,"3":0,"4":0,"5":0,"6":0},"f":{"0":0,"1":0,"2":0,"3":0,"4":0},"b":{"0":[0,0],"1":[0,0]}}
,"C:\\Users\\ACER\\Desktop\\Exercises\\Web\\Calculator\\Calculator\\src\\components\\Display.jsx": {"path":"C:\\Users\\ACER\\Desktop\\Exercises\\Web\\Calculator\\Calculator\\src\\components\\Display.jsx","statementMap":{"0":{"start":{"line":2,"column":2},"end":{"line":49,"column":4}}},"fnMap":{"0":{"name":"Display","decl":{"start":{"line":1,"column":9},"end":{"line":1,"column":16}},"loc":{"start":{"line":1,"column":110},"end":{"line":50,"column":1}},"line":1}},"branchMap":{"0":{"loc":{"start":{"line":23,"column":12},"end":{"line":23,"column":96}},"type":"cond-expr","locations":[{"start":{"line":23,"column":25},"end":{"line":23,"column":59}},{"start":{"line":23,"column":62},"end":{"line":23,"column":96}}],"line":23},"1":{"loc":{"start":{"line":32,"column":12},"end":{"line":32,"column":96}},"type":"cond-expr","locations":[{"start":{"line":32,"column":25},"end":{"line":32,"column":59}},{"start":{"line":32,"column":62},"end":{"line":32,"column":96}}],"line":32},"2":{"loc":{"start":{"line":46,"column":9},"end":{"line":46,"column":112}},"type":"binary-expr","locations":[{"start":{"line":46,"column":9},"end":{"line":46,"column":18}},{"start":{"line":46,"column":22},"end":{"line":46,"column":112}}],"line":46}},"s":{"0":0},"f":{"0":0},"b":{"0":[0,0],"1":[0,0],"2":[0,0]}}
,"C:\\Users\\ACER\\Desktop\\Exercises\\Web\\Calculator\\Calculator\\src\\components\\Header.jsx": {"path":"C:\\Users\\ACER\\Desktop\\Exercises\\Web\\Calculator\\Calculator\\src\\components\\Header.jsx","statementMap":{"0":{"start":{"line":4,"column":2},"end":{"line":11,"column":4}}},"fnMap":{"0":{"name":"Header","decl":{"start":{"line":3,"column":9},"end":{"line":3,"column":15}},"loc":{"start":{"line":3,"column":18},"end":{"line":12,"column":1}},"line":3}},"branchMap":{},"s":{"0":0},"f":{"0":0},"b":{}}
,"C:\\Users\\ACER\\Desktop\\Exercises\\Web\\Calculator\\Calculator\\src\\components\\HistoryPanel.jsx": {"path":"C:\\Users\\ACER\\Desktop\\Exercises\\Web\\Calculator\\Calculator\\src\\components\\HistoryPanel.jsx","statementMap":{"0":{"start":{"line":4,"column":2},"end":{"line":34,"column":4}},"1":{"start":{"line":13,"column":14},"end":{"line":16,"column":20}},"2":{"start":{"line":26,"column":27},"end":{"line":26,"column":41}}},"fnMap":{"0":{"name":"HistoryPanel","decl":{"start":{"line":3,"column":9},"end":{"line":3,"column":21}},"loc":{"start":{"line":3,"column":47},"end":{"line":35,"column":1}},"line":3},"1":{"name":"(anonymous_1)","decl":{"start":{"line":12,"column":25},"end":{"line":12,"column":26}},"loc":{"start":{"line":13,"column":14},"end":{"line":16,"column":20}},"line":13},"2":{"name":"(anonymous_2)","decl":{"start":{"line":26,"column":21},"end":{"line":26,"column":22}},"loc":{"start":{"line":26,"column":27},"end":{"line":26,"column":41}},"line":26}},"branchMap":{"0":{"loc":{"start":{"line":8,"column":9},"end":{"line":19,"column":9}},"type":"cond-expr","locations":[{"start":{"line":9,"column":10},"end":{"line":9,"column":80}},{"start":{"line":11,"column":10},"end":{"line":18,"column":16}}],"line":8},"1":{"loc":{"start":{"line":23,"column":7},"end":{"line":32,"column":7}},"type":"binary-expr","locations":[{"start":{"line":23,"column":7},"end":{"line":23,"column":25}},{"start":{"line":24,"column":8},"end":{"line":31,"column":14}}],"line":23}},"s":{"0":0,"1":0,"2":0},"f":{"0":0,"1":0,"2":0},"b":{"0":[0,0],"1":[0,0]}}
,"C:\\Users\\ACER\\Desktop\\Exercises\\Web\\Calculator\\Calculator\\src\\components\\MemoryPanel.jsx": {"path":"C:\\Users\\ACER\\Desktop\\Exercises\\Web\\Calculator\\Calculator\\src\\components\\MemoryPanel.jsx","statementMap":{"0":{"start":{"line":13,"column":2},"end":{"line":81,"column":4}},"1":{"start":{"line":24,"column":14},"end":{"line":63,"column":20}},"2":{"start":{"line":29,"column":36},"end":{"line":29,"column":64}},"3":{"start":{"line":30,"column":36},"end":{"line":30,"column":63}},"4":{"start":{"line":41,"column":37},"end":{"line":41,"column":59}},"5":{"start":{"line":48,"column":37},"end":{"line":48,"column":59}},"6":{"start":{"line":55,"column":37},"end":{"line":55,"column":66}}},"fnMap":{"0":{"name":"MemoryPanel","decl":{"start":{"line":3,"column":9},"end":{"line":3,"column":20}},"loc":{"start":{"line":12,"column":3},"end":{"line":82,"column":1}},"line":12},"1":{"name":"(anonymous_1)","decl":{"start":{"line":23,"column":28},"end":{"line":23,"column":29}},"loc":{"start":{"line":24,"column":14},"end":{"line":63,"column":20}},"line":24},"2":{"name":"(anonymous_2)","decl":{"start":{"line":29,"column":30},"end":{"line":29,"column":31}},"loc":{"start":{"line":29,"column":36},"end":{"line":29,"column":64}},"line":29},"3":{"name":"(anonymous_3)","decl":{"start":{"line":30,"column":30},"end":{"line":30,"column":31}},"loc":{"start":{"line":30,"column":36},"end":{"line":30,"column":63}},"line":30},"4":{"name":"(anonymous_4)","decl":{"start":{"line":41,"column":31},"end":{"line":41,"column":32}},"loc":{"start":{"line":41,"column":37},"end":{"line":41,"column":59}},"line":41},"5":{"name":"(anonymous_5)","decl":{"start":{"line":48,"column":31},"end":{"line":48,"column":32}},"loc":{"start":{"line":48,"column":37},"end":{"line":48,"column":59}},"line":48},"6":{"name":"(anonymous_6)","decl":{"start":{"line":55,"column":31},"end":{"line":55,"column":32}},"loc":{"start":{"line":55,"column":37},"end":{"line":55,"column":66}},"line":55}},"branchMap":{"0":{"loc":{"start":{"line":17,"column":9},"end":{"line":66,"column":9}},"type":"cond-expr","locations":[{"start":{"line":18,"column":10},"end":{"line":20,"column":14}},{"start":{"line":22,"column":10},"end":{"line":65,"column":16}}],"line":17},"1":{"loc":{"start":{"line":17,"column":9},"end":{"line":17,"column":46}},"type":"binary-expr","locations":[{"start":{"line":17,"column":9},"end":{"line":17,"column":19}},{"start":{"line":17,"column":23},"end":{"line":17,"column":46}}],"line":17},"2":{"loc":{"start":{"line":27,"column":18},"end":{"line":27,"column":73}},"type":"cond-expr","locations":[{"start":{"line":27,"column":49},"end":{"line":27,"column":60}},{"start":{"line":27,"column":63},"end":{"line":27,"column":73}}],"line":27},"3":{"loc":{"start":{"line":38,"column":17},"end":{"line":62,"column":17}},"type":"binary-expr","locations":[{"start":{"line":38,"column":17},"end":{"line":38,"column":45}},{"start":{"line":39,"column":18},"end":{"line":61,"column":24}}],"line":38},"4":{"loc":{"start":{"line":70,"column":7},"end":{"line":79,"column":7}},"type":"binary-expr","locations":[{"start":{"line":70,"column":7},"end":{"line":70,"column":28}},{"start":{"line":71,"column":8},"end":{"line":78,"column":14}}],"line":70}},"s":{"0":0,"1":0,"2":0,"3":0,"4":0,"5":0,"6":0},"f":{"0":0,"1":0,"2":0,"3":0,"4":0,"5":0,"6":0},"b":{"0":[0,0],"1":[0,0],"2":[0,0],"3":[0,0],"4":[0,0]}}
,"C:\\Users\\ACER\\Desktop\\Exercises\\Web\\Calculator\\Calculator\\src\\components\\MobileHistoryDrawer.jsx": {"path":"C:\\Users\\ACER\\Desktop\\Exercises\\Web\\Calculator\\Calculator\\src\\components\\MobileHistoryDrawer.jsx","statementMap":{"0":{"start":{"line":7,"column":2},"end":{"line":16,"column":15}},"1":{"start":{"line":8,"column":4},"end":{"line":12,"column":5}},"2":{"start":{"line":9,"column":6},"end":{"line":9,"column":46}},"3":{"start":{"line":11,"column":6},"end":{"line":11,"column":45}},"4":{"start":{"line":13,"column":4},"end":{"line":15,"column":6}},"5":{"start":{"line":14,"column":6},"end":{"line":14,"column":45}},"6":{"start":{"line":18,"column":2},"end":{"line":18,"column":27}},"7":{"start":{"line":18,"column":15},"end":{"line":18,"column":27}},"8":{"start":{"line":20,"column":2},"end":{"line":72,"column":4}}},"fnMap":{"0":{"name":"MobileHistoryDrawer","decl":{"start":{"line":5,"column":9},"end":{"line":5,"column":28}},"loc":{"start":{"line":5,"column":71},"end":{"line":73,"column":1}},"line":5},"1":{"name":"(anonymous_1)","decl":{"start":{"line":7,"column":12},"end":{"line":7,"column":13}},"loc":{"start":{"line":7,"column":18},"end":{"line":16,"column":3}},"line":7},"2":{"name":"(anonymous_2)","decl":{"start":{"line":13,"column":11},"end":{"line":13,"column":12}},"loc":{"start":{"line":13,"column":17},"end":{"line":15,"column":5}},"line":13}},"branchMap":{"0":{"loc":{"start":{"line":8,"column":4},"end":{"line":12,"column":5}},"type":"if","locations":[{"start":{"line":8,"column":4},"end":{"line":12,"column":5}},{"start":{"line":10,"column":11},"end":{"line":12,"column":5}}],"line":8},"1":{"loc":{"start":{"line":18,"column":2},"end":{"line":18,"column":27}},"type":"if","locations":[{"start":{"line":18,"column":2},"end":{"line":18,"column":27}},{"start":{},"end":{}}],"line":18},"2":{"loc":{"start":{"line":33,"column":21},"end":{"line":33,"column":66}},"type":"cond-expr","locations":[{"start":{"line":33,"column":30},"end":{"line":33,"column":45}},{"start":{"line":33,"column":48},"end":{"line":33,"column":66}}],"line":33}},"s":{"0":0,"1":0,"2":0,"3":0,"4":0,"5":0,"6":0,"7":0,"8":0},"f":{"0":0,"1":0,"2":0},"b":{"0":[0,0],"1":[0,0],"2":[0,0]}}
,"C:\\Users\\ACER\\Desktop\\Exercises\\Web\\Calculator\\Calculator\\src\\components\\SidePanel.jsx": {"path":"C:\\Users\\ACER\\Desktop\\Exercises\\Web\\Calculator\\Calculator\\src\\components\\SidePanel.jsx","statementMap":{"0":{"start":{"line":18,"column":2},"end":{"line":41,"column":4}}},"fnMap":{"0":{"name":"SidePanel","decl":{"start":{"line":4,"column":9},"end":{"line":4,"column":18}},"loc":{"start":{"line":17,"column":3},"end":{"line":42,"column":1}},"line":17}},"branchMap":{"0":{"loc":{"start":{"line":20,"column":7},"end":{"line":20,"column":80}},"type":"binary-expr","locations":[{"start":{"line":20,"column":7},"end":{"line":20,"column":18}},{"start":{"line":20,"column":22},"end":{"line":20,"column":80}}],"line":20},"1":{"loc":{"start":{"line":22,"column":7},"end":{"line":33,"column":7}},"type":"binary-expr","locations":[{"start":{"line":22,"column":7},"end":{"line":22,"column":17}},{"start":{"line":23,"column":8},"end":{"line":32,"column":10}}],"line":22},"2":{"loc":{"start":{"line":35,"column":7},"end":{"line":39,"column":7}},"type":"binary-expr","locations":[{"start":{"line":35,"column":7},"end":{"line":35,"column":19}},{"start":{"line":35,"column":23},"end":{"line":35,"column":34}},{"start":{"line":36,"column":8},"end":{"line":38,"column":14}}],"line":35}},"s":{"0":0},"f":{"0":0},"b":{"0":[0,0],"1":[0,0],"2":[0,0,0]}}
,"C:\\Users\\ACER\\Desktop\\Exercises\\Web\\Calculator\\Calculator\\src\\hooks\\useCalculator.js": {"path":"C:\\Users\\ACER\\Desktop\\Exercises\\Web\\Calculator\\Calculator\\src\\hooks\\useCalculator.js","statementMap":{"0":{"start":{"line":5,"column":32},"end":{"line":5,"column":45}},"1":{"start":{"line":6,"column":42},"end":{"line":6,"column":54}},"2":{"start":{"line":9,"column":46},"end":{"line":9,"column":57}},"3":{"start":{"line":10,"column":36},"end":{"line":10,"column":51}},"4":{"start":{"line":11,"column":42},"end":{"line":11,"column":54}},"5":{"start":{"line":12,"column":34},"end":{"line":12,"column":49}},"6":{"start":{"line":13,"column":54},"end":{"line":13,"column":69}},"7":{"start":{"line":16,"column":32},"end":{"line":16,"column":44}},"8":{"start":{"line":17,"column":38},"end":{"line":17,"column":50}},"9":{"start":{"line":18,"column":36},"end":{"line":18,"column":51}},"10":{"start":{"line":21,"column":23},"end":{"line":43,"column":3}},"11":{"start":{"line":22,"column":19},"end":{"line":22,"column":30}},"12":{"start":{"line":25,"column":4},"end":{"line":25,"column":56}},"13":{"start":{"line":25,"column":49},"end":{"line":25,"column":56}},"14":{"start":{"line":32,"column":4},"end":{"line":42,"column":5}},"15":{"start":{"line":37,"column":6},"end":{"line":37,"column":25}},"16":{"start":{"line":38,"column":6},"end":{"line":38,"column":25}},"17":{"start":{"line":39,"column":6},"end":{"line":39,"column":35}},"18":{"start":{"line":41,"column":6},"end":{"line":41,"column":35}},"19":{"start":{"line":46,"column":24},"end":{"line":48,"column":3}},"20":{"start":{"line":47,"column":4},"end":{"line":47,"column":22}},"21":{"start":{"line":51,"column":25},"end":{"line":66,"column":3}},"22":{"start":{"line":53,"column":28},"end":{"line":58,"column":5}},"23":{"start":{"line":60,"column":4},"end":{"line":60,"column":30}},"24":{"start":{"line":61,"column":20},"end":{"line":61,"column":35}},"25":{"start":{"line":62,"column":4},"end":{"line":62,"column":31}},"26":{"start":{"line":63,"column":4},"end":{"line":63,"column":75}},"27":{"start":{"line":64,"column":4},"end":{"line":64,"column":23}},"28":{"start":{"line":65,"column":4},"end":{"line":65,"column":32}},"29":{"start":{"line":69,"column":20},"end":{"line":122,"column":3}},"30":{"start":{"line":70,"column":4},"end":{"line":70,"column":27}},"31":{"start":{"line":70,"column":20},"end":{"line":70,"column":27}},"32":{"start":{"line":72,"column":4},"end":{"line":72,"column":22}},"33":{"start":{"line":75,"column":23},"end":{"line":75,"column":38}},"34":{"start":{"line":76,"column":17},"end":{"line":76,"column":18}},"35":{"start":{"line":79,"column":28},"end":{"line":84,"column":5}},"36":{"start":{"line":85,"column":21},"end":{"line":87,"column":20}},"37":{"start":{"line":88,"column":4},"end":{"line":88,"column":37}},"38":{"start":{"line":90,"column":4},"end":{"line":112,"column":5}},"39":{"start":{"line":92,"column":8},"end":{"line":98,"column":9}},"40":{"start":{"line":93,"column":10},"end":{"line":93,"column":45}},"41":{"start":{"line":94,"column":10},"end":{"line":94,"column":30}},"42":{"start":{"line":95,"column":10},"end":{"line":95,"column":30}},"43":{"start":{"line":96,"column":10},"end":{"line":96,"column":28}},"44":{"start":{"line":97,"column":10},"end":{"line":97,"column":17}},"45":{"start":{"line":99,"column":8},"end":{"line":99,"column":45}},"46":{"start":{"line":100,"column":8},"end":{"line":100,"column":14}},"47":{"start":{"line":102,"column":8},"end":{"line":102,"column":45}},"48":{"start":{"line":103,"column":8},"end":{"line":103,"column":14}},"49":{"start":{"line":105,"column":8},"end":{"line":105,"column":45}},"50":{"start":{"line":106,"column":8},"end":{"line":106,"column":14}},"51":{"start":{"line":108,"column":8},"end":{"line":108,"column":45}},"52":{"start":{"line":109,"column":8},"end":{"line":109,"column":14}},"53":{"start":{"line":111,"column":8},"end":{"line":111,"column":15}},"54":{"start":{"line":114,"column":4},"end":{"line":114,"column":31}},"55":{"start":{"line":115,"column":4},"end":{"line":115,"column":24}},"56":{"start":{"line":118,"column":4},"end":{"line":121,"column":7}},"57":{"start":{"line":125,"column":27},"end":{"line":167,"column":3}},"58":{"start":{"line":126,"column":26},"end":{"line":126,"column":41}},"59":{"start":{"line":127,"column":17},"end":{"line":127,"column":18}},"60":{"start":{"line":128,"column":24},"end":{"line":128,"column":26}},"61":{"start":{"line":131,"column":4},"end":{"line":162,"column":5}},"62":{"start":{"line":133,"column":8},"end":{"line":133,"column":37}},"63":{"start":{"line":134,"column":8},"end":{"line":134,"column":44}},"64":{"start":{"line":135,"column":8},"end":{"line":135,"column":14}},"65":{"start":{"line":137,"column":8},"end":{"line":142,"column":9}},"66":{"start":{"line":138,"column":10},"end":{"line":138,"column":45}},"67":{"start":{"line":139,"column":10},"end":{"line":139,"column":28}},"68":{"start":{"line":140,"column":10},"end":{"line":140,"column":30}},"69":{"start":{"line":141,"column":10},"end":{"line":141,"column":17}},"70":{"start":{"line":143,"column":8},"end":{"line":143,"column":35}},"71":{"start":{"line":144,"column":8},"end":{"line":144,"column":47}},"72":{"start":{"line":145,"column":8},"end":{"line":145,"column":14}},"73":{"start":{"line":147,"column":8},"end":{"line":147,"column":36}},"74":{"start":{"line":148,"column":8},"end":{"line":148,"column":48}},"75":{"start":{"line":149,"column":8},"end":{"line":149,"column":14}},"76":{"start":{"line":151,"column":8},"end":{"line":156,"column":9}},"77":{"start":{"line":152,"column":10},"end":{"line":152,"column":45}},"78":{"start":{"line":153,"column":10},"end":{"line":153,"column":28}},"79":{"start":{"line":154,"column":10},"end":{"line":154,"column":30}},"80":{"start":{"line":155,"column":10},"end":{"line":155,"column":17}},"81":{"start":{"line":157,"column":8},"end":{"line":157,"column":42}},"82":{"start":{"line":158,"column":8},"end":{"line":158,"column":46}},"83":{"start":{"line":159,"column":8},"end":{"line":159,"column":14}},"84":{"start":{"line":161,"column":8},"end":{"line":161,"column":15}},"85":{"start":{"line":164,"column":4},"end":{"line":164,"column":31}},"86":{"start":{"line":165,"column":4},"end":{"line":165,"column":42}},"87":{"start":{"line":166,"column":4},"end":{"line":166,"column":22}},"88":{"start":{"line":170,"column":19},"end":{"line":172,"column":3}},"89":{"start":{"line":171,"column":4},"end":{"line":171,"column":20}},"90":{"start":{"line":175,"column":22},"end":{"line":183,"column":3}},"91":{"start":{"line":176,"column":4},"end":{"line":176,"column":20}},"92":{"start":{"line":177,"column":4},"end":{"line":177,"column":24}},"93":{"start":{"line":178,"column":4},"end":{"line":178,"column":25}},"94":{"start":{"line":179,"column":4},"end":{"line":179,"column":24}},"95":{"start":{"line":180,"column":4},"end":{"line":180,"column":24}},"96":{"start":{"line":181,"column":4},"end":{"line":181,"column":23}},"97":{"start":{"line":182,"column":4},"end":{"line":182,"column":33}},"98":{"start":{"line":186,"column":26},"end":{"line":191,"column":3}},"99":{"start":{"line":188,"column":4},"end":{"line":190,"column":6}},"100":{"start":{"line":194,"column":23},"end":{"line":197,"column":3}},"101":{"start":{"line":196,"column":4},"end":{"line":196,"column":70}},"102":{"start":{"line":200,"column":24},"end":{"line":200,"column":51}},"103":{"start":{"line":200,"column":30},"end":{"line":200,"column":51}},"104":{"start":{"line":201,"column":27},"end":{"line":201,"column":56}},"105":{"start":{"line":201,"column":33},"end":{"line":201,"column":56}},"106":{"start":{"line":202,"column":23},"end":{"line":202,"column":51}},"107":{"start":{"line":202,"column":29},"end":{"line":202,"column":51}},"108":{"start":{"line":203,"column":27},"end":{"line":203,"column":56}},"109":{"start":{"line":203,"column":33},"end":{"line":203,"column":56}},"110":{"start":{"line":206,"column":19},"end":{"line":209,"column":3}},"111":{"start":{"line":207,"column":4},"end":{"line":207,"column":22}},"112":{"start":{"line":208,"column":4},"end":{"line":208,"column":24}},"113":{"start":{"line":212,"column":19},"end":{"line":218,"column":3}},"114":{"start":{"line":213,"column":4},"end":{"line":217,"column":5}},"115":{"start":{"line":214,"column":25},"end":{"line":214,"column":58}},"116":{"start":{"line":215,"column":6},"end":{"line":215,"column":46}},"117":{"start":{"line":216,"column":6},"end":{"line":216,"column":24}},"118":{"start":{"line":221,"column":22},"end":{"line":231,"column":3}},"119":{"start":{"line":222,"column":20},"end":{"line":222,"column":39}},"120":{"start":{"line":223,"column":4},"end":{"line":230,"column":5}},"121":{"start":{"line":224,"column":26},"end":{"line":224,"column":41}},"122":{"start":{"line":225,"column":6},"end":{"line":225,"column":59}},"123":{"start":{"line":226,"column":6},"end":{"line":226,"column":33}},"124":{"start":{"line":228,"column":6},"end":{"line":228,"column":63}},"125":{"start":{"line":229,"column":6},"end":{"line":229,"column":25}},"126":{"start":{"line":234,"column":23},"end":{"line":244,"column":3}},"127":{"start":{"line":235,"column":20},"end":{"line":235,"column":39}},"128":{"start":{"line":236,"column":4},"end":{"line":243,"column":5}},"129":{"start":{"line":237,"column":26},"end":{"line":237,"column":41}},"130":{"start":{"line":238,"column":6},"end":{"line":238,"column":59}},"131":{"start":{"line":239,"column":6},"end":{"line":239,"column":33}},"132":{"start":{"line":241,"column":6},"end":{"line":241,"column":64}},"133":{"start":{"line":242,"column":6},"end":{"line":242,"column":25}},"134":{"start":{"line":247,"column":19},"end":{"line":251,"column":3}},"135":{"start":{"line":248,"column":20},"end":{"line":248,"column":39}},"136":{"start":{"line":249,"column":4},"end":{"line":249,"column":76}},"137":{"start":{"line":250,"column":4},"end":{"line":250,"column":23}},"138":{"start":{"line":254,"column":26},"end":{"line":260,"column":3}},"139":{"start":{"line":255,"column":24},"end":{"line":255,"column":64}},"140":{"start":{"line":255,"column":52},"end":{"line":255,"column":63}},"141":{"start":{"line":256,"column":4},"end":{"line":256,"column":31}},"142":{"start":{"line":257,"column":4},"end":{"line":259,"column":5}},"143":{"start":{"line":258,"column":6},"end":{"line":258,"column":26}},"144":{"start":{"line":263,"column":26},"end":{"line":268,"column":3}},"145":{"start":{"line":264,"column":20},"end":{"line":264,"column":39}},"146":{"start":{"line":265,"column":24},"end":{"line":265,"column":39}},"147":{"start":{"line":266,"column":4},"end":{"line":266,"column":40}},"148":{"start":{"line":267,"column":4},"end":{"line":267,"column":31}},"149":{"start":{"line":271,"column":33},"end":{"line":276,"column":3}},"150":{"start":{"line":272,"column":20},"end":{"line":272,"column":39}},"151":{"start":{"line":273,"column":24},"end":{"line":273,"column":39}},"152":{"start":{"line":274,"column":4},"end":{"line":274,"column":40}},"153":{"start":{"line":275,"column":4},"end":{"line":275,"column":31}},"154":{"start":{"line":278,"column":2},"end":{"line":305,"column":4}}},"fnMap":{"0":{"name":"useCalculator","decl":{"start":{"line":3,"column":9},"end":{"line":3,"column":22}},"loc":{"start":{"line":3,"column":25},"end":{"line":306,"column":1}},"line":3},"1":{"name":"(anonymous_1)","decl":{"start":{"line":21,"column":23},"end":{"line":21,"column":24}},"loc":{"start":{"line":21,"column":32},"end":{"line":43,"column":3}},"line":21},"2":{"name":"(anonymous_2)","decl":{"start":{"line":46,"column":24},"end":{"line":46,"column":25}},"loc":{"start":{"line":46,"column":30},"end":{"line":48,"column":3}},"line":46},"3":{"name":"(anonymous_3)","decl":{"start":{"line":51,"column":25},"end":{"line":51,"column":26}},"loc":{"start":{"line":51,"column":39},"end":{"line":66,"column":3}},"line":51},"4":{"name":"(anonymous_4)","decl":{"start":{"line":69,"column":20},"end":{"line":69,"column":21}},"loc":{"start":{"line":69,"column":26},"end":{"line":122,"column":3}},"line":69},"5":{"name":"(anonymous_5)","decl":{"start":{"line":125,"column":27},"end":{"line":125,"column":28}},"loc":{"start":{"line":125,"column":41},"end":{"line":167,"column":3}},"line":125},"6":{"name":"(anonymous_6)","decl":{"start":{"line":170,"column":19},"end":{"line":170,"column":20}},"loc":{"start":{"line":170,"column":25},"end":{"line":172,"column":3}},"line":170},"7":{"name":"(anonymous_7)","decl":{"start":{"line":175,"column":22},"end":{"line":175,"column":23}},"loc":{"start":{"line":175,"column":28},"end":{"line":183,"column":3}},"line":175},"8":{"name":"(anonymous_8)","decl":{"start":{"line":186,"column":26},"end":{"line":186,"column":27}},"loc":{"start":{"line":186,"column":32},"end":{"line":191,"column":3}},"line":186},"9":{"name":"(anonymous_9)","decl":{"start":{"line":194,"column":23},"end":{"line":194,"column":24}},"loc":{"start":{"line":194,"column":29},"end":{"line":197,"column":3}},"line":194},"10":{"name":"(anonymous_10)","decl":{"start":{"line":200,"column":24},"end":{"line":200,"column":25}},"loc":{"start":{"line":200,"column":30},"end":{"line":200,"column":51}},"line":200},"11":{"name":"(anonymous_11)","decl":{"start":{"line":201,"column":27},"end":{"line":201,"column":28}},"loc":{"start":{"line":201,"column":33},"end":{"line":201,"column":56}},"line":201},"12":{"name":"(anonymous_12)","decl":{"start":{"line":202,"column":23},"end":{"line":202,"column":24}},"loc":{"start":{"line":202,"column":29},"end":{"line":202,"column":51}},"line":202},"13":{"name":"(anonymous_13)","decl":{"start":{"line":203,"column":27},"end":{"line":203,"column":28}},"loc":{"start":{"line":203,"column":33},"end":{"line":203,"column":56}},"line":203},"14":{"name":"(anonymous_14)","decl":{"start":{"line":206,"column":19},"end":{"line":206,"column":20}},"loc":{"start":{"line":206,"column":25},"end":{"line":209,"column":3}},"line":206},"15":{"name":"(anonymous_15)","decl":{"start":{"line":212,"column":19},"end":{"line":212,"column":20}},"loc":{"start":{"line":212,"column":25},"end":{"line":218,"column":3}},"line":212},"16":{"name":"(anonymous_16)","decl":{"start":{"line":221,"column":22},"end":{"line":221,"column":23}},"loc":{"start":{"line":221,"column":28},"end":{"line":231,"column":3}},"line":221},"17":{"name":"(anonymous_17)","decl":{"start":{"line":234,"column":23},"end":{"line":234,"column":24}},"loc":{"start":{"line":234,"column":29},"end":{"line":244,"column":3}},"line":234},"18":{"name":"(anonymous_18)","decl":{"start":{"line":247,"column":19},"end":{"line":247,"column":20}},"loc":{"start":{"line":247,"column":25},"end":{"line":251,"column":3}},"line":247},"19":{"name":"(anonymous_19)","decl":{"start":{"line":254,"column":26},"end":{"line":254,"column":27}},"loc":{"start":{"line":254,"column":37},"end":{"line":260,"column":3}},"line":254},"20":{"name":"(anonymous_20)","decl":{"start":{"line":255,"column":42},"end":{"line":255,"column":43}},"loc":{"start":{"line":255,"column":52},"end":{"line":255,"column":63}},"line":255},"21":{"name":"(anonymous_21)","decl":{"start":{"line":263,"column":26},"end":{"line":263,"column":27}},"loc":{"start":{"line":263,"column":37},"end":{"line":268,"column":3}},"line":263},"22":{"name":"(anonymous_22)","decl":{"start":{"line":271,"column":33},"end":{"line":271,"column":34}},"loc":{"start":{"line":271,"column":44},"end":{"line":276,"column":3}},"line":271}},"branchMap":{"0":{"loc":{"start":{"line":25,"column":4},"end":{"line":25,"column":56}},"type":"if","locations":[{"start":{"line":25,"column":4},"end":{"line":25,"column":56}},{"start":{},"end":{}}],"line":25},"1":{"loc":{"start":{"line":25,"column":8},"end":{"line":25,"column":47}},"type":"binary-expr","locations":[{"start":{"line":25,"column":8},"end":{"line":25,"column":22}},{"start":{"line":25,"column":26},"end":{"line":25,"column":47}}],"line":25},"2":{"loc":{"start":{"line":32,"column":4},"end":{"line":42,"column":5}},"type":"if","locations":[{"start":{"line":32,"column":4},"end":{"line":42,"column":5}},{"start":{"line":40,"column":11},"end":{"line":42,"column":5}}],"line":32},"3":{"loc":{"start":{"line":33,"column":6},"end":{"line":35,"column":75}},"type":"binary-expr","locations":[{"start":{"line":33,"column":7},"end":{"line":33,"column":16}},{"start":{"line":33,"column":20},"end":{"line":33,"column":38}},{"start":{"line":34,"column":6},"end":{"line":34,"column":14}},{"start":{"line":35,"column":7},"end":{"line":35,"column":30}},{"start":{"line":35,"column":34},"end":{"line":35,"column":48}},{"start":{"line":35,"column":52},"end":{"line":35,"column":74}}],"line":33},"4":{"loc":{"start":{"line":63,"column":34},"end":{"line":63,"column":71}},"type":"binary-expr","locations":[{"start":{"line":63,"column":34},"end":{"line":63,"column":59}},{"start":{"line":63,"column":63},"end":{"line":63,"column":71}}],"line":63},"5":{"loc":{"start":{"line":70,"column":4},"end":{"line":70,"column":27}},"type":"if","locations":[{"start":{"line":70,"column":4},"end":{"line":70,"column":27}},{"start":{},"end":{}}],"line":70},"6":{"loc":{"start":{"line":86,"column":6},"end":{"line":86,"column":51}},"type":"binary-expr","locations":[{"start":{"line":86,"column":6},"end":{"line":86,"column":35}},{"start":{"line":86,"column":39},"end":{"line":86,"column":51}}],"line":86},"7":{"loc":{"start":{"line":90,"column":4},"end":{"line":112,"column":5}},"type":"switch","locations":[{"start":{"line":91,"column":6},"end":{"line":100,"column":14}},{"start":{"line":101,"column":6},"end":{"line":103,"column":14}},{"start":{"line":104,"column":6},"end":{"line":106,"column":14}},{"start":{"line":107,"column":6},"end":{"line":109,"column":14}},{"start":{"line":110,"column":6},"end":{"line":111,"column":15}}],"line":90},"8":{"loc":{"start":{"line":92,"column":8},"end":{"line":98,"column":9}},"type":"if","locations":[{"start":{"line":92,"column":8},"end":{"line":98,"column":9}},{"start":{},"end":{}}],"line":92},"9":{"loc":{"start":{"line":131,"column":4},"end":{"line":162,"column":5}},"type":"switch","locations":[{"start":{"line":132,"column":6},"end":{"line":135,"column":14}},{"start":{"line":136,"column":6},"end":{"line":145,"column":14}},{"start":{"line":146,"column":6},"end":{"line":149,"column":14}},{"start":{"line":150,"column":6},"end":{"line":159,"column":14}},{"start":{"line":160,"column":6},"end":{"line":161,"column":15}}],"line":131},"10":{"loc":{"start":{"line":137,"column":8},"end":{"line":142,"column":9}},"type":"if","locations":[{"start":{"line":137,"column":8},"end":{"line":142,"column":9}},{"start":{},"end":{}}],"line":137},"11":{"loc":{"start":{"line":151,"column":8},"end":{"line":156,"column":9}},"type":"if","locations":[{"start":{"line":151,"column":8},"end":{"line":156,"column":9}},{"start":{},"end":{}}],"line":151},"12":{"loc":{"start":{"line":189,"column":6},"end":{"line":189,"column":75}},"type":"cond-expr","locations":[{"start":{"line":189,"column":29},"end":{"line":189,"column":32}},{"start":{"line":189,"column":35},"end":{"line":189,"column":75}}],"line":189},"13":{"loc":{"start":{"line":196,"column":15},"end":{"line":196,"column":68}},"type":"cond-expr","locations":[{"start":{"line":196,"column":38},"end":{"line":196,"column":62}},{"start":{"line":196,"column":65},"end":{"line":196,"column":68}}],"line":196},"14":{"loc":{"start":{"line":213,"column":4},"end":{"line":217,"column":5}},"type":"if","locations":[{"start":{"line":213,"column":4},"end":{"line":217,"column":5}},{"start":{},"end":{}}],"line":213},"15":{"loc":{"start":{"line":223,"column":4},"end":{"line":230,"column":5}},"type":"if","locations":[{"start":{"line":223,"column":4},"end":{"line":230,"column":5}},{"start":{"line":227,"column":11},"end":{"line":230,"column":5}}],"line":223},"16":{"loc":{"start":{"line":236,"column":4},"end":{"line":243,"column":5}},"type":"if","locations":[{"start":{"line":236,"column":4},"end":{"line":243,"column":5}},{"start":{"line":240,"column":11},"end":{"line":243,"column":5}}],"line":236},"17":{"loc":{"start":{"line":257,"column":4},"end":{"line":259,"column":5}},"type":"if","locations":[{"start":{"line":257,"column":4},"end":{"line":259,"column":5}},{"start":{},"end":{}}],"line":257}},"s":{"0":283,"1":283,"2":283,"3":283,"4":283,"5":283,"6":283,"7":283,"8":283,"9":283,"10":283,"11":132,"12":132,"13":1,"14":131,"15":86,"16":86,"17":86,"18":45,"19":283,"20":6,"21":283,"22":35,"23":35,"24":35,"25":35,"26":35,"27":35,"28":35,"29":283,"30":31,"31":0,"32":31,"33":31,"34":31,"35":31,"36":31,"37":31,"38":31,"39":5,"40":2,"41":2,"42":2,"43":2,"44":2,"45":3,"46":3,"47":8,"48":8,"49":5,"50":5,"51":13,"52":13,"53":0,"54":29,"55":29,"56":29,"57":283,"58":8,"59":8,"60":8,"61":8,"62":2,"63":2,"64":2,"65":2,"66":1,"67":1,"68":1,"69":1,"70":1,"71":1,"72":1,"73":2,"74":2,"75":2,"76":2,"77":1,"78":1,"79":1,"80":1,"81":1,"82":1,"83":1,"84":0,"85":6,"86":6,"87":6,"88":283,"89":1,"90":283,"91":5,"92":5,"93":5,"94":5,"95":5,"96":5,"97":5,"98":283,"99":4,"100":283,"101":4,"102":283,"103":2,"104":283,"105":2,"106":283,"107":2,"108":283,"109":2,"110":283,"111":1,"112":1,"113":283,"114":1,"115":1,"116":1,"117":1,"118":283,"119":2,"120":2,"121":1,"122":1,"123":1,"124":1,"125":1,"126":283,"127":2,"128":2,"129":1,"130":1,"131":1,"132":1,"133":1,"134":283,"135":6,"136":6,"137":6,"138":283,"139":0,"140":0,"141":0,"142":0,"143":0,"144":283,"145":0,"146":0,"147":0,"148":0,"149":283,"150":0,"151":0,"152":0,"153":0,"154":283},"f":{"0":283,"1":132,"2":6,"3":35,"4":31,"5":8,"6":1,"7":5,"8":4,"9":4,"10":2,"11":2,"12":2,"13":2,"14":1,"15":1,"16":2,"17":2,"18":6,"19":0,"20":0,"21":0,"22":0},"b":{"0":[1,131],"1":[132,6],"2":[86,45],"3":[131,39,100,96,53,52],"4":[35,0],"5":[0,31],"6":[31,0],"7":[5,8,5,13,0],"8":[2,3],"9":[2,2,2,2,0],"10":[1,1],"11":[1,1],"12":[1,3],"13":[4,0],"14":[1,0],"15":[1,1],"16":[1,1],"17":[0,0]},"_coverageSchema":"1a1c01bbd47fc00a2c39e90264f33305004495a9","hash":"64a76d9a5b690a2bb22107d840476560369fd67e"}
}
