TN:
SF:src\App.jsx
FN:10,App
FN:57,(anonymous_1)
FN:113,(anonymous_2)
FNF:3
FNH:0
FNDA:0,App
FNDA:0,(anonymous_1)
FNDA:0,(anonymous_2)
DA:11,0
DA:12,0
DA:13,0
DA:14,0
DA:43,0
DA:45,0
DA:57,0
DA:113,0
LF:8
LH:0
BRF:0
BRH:0
end_of_record
TN:
SF:src\components\ButtonGrid.jsx
FN:3,ButtonGrid
FN:65,(anonymous_1)
FN:73,(anonymous_2)
FN:79,(anonymous_3)
FN:85,(anonymous_4)
FN:91,(anonymous_5)
FN:99,(anonymous_6)
FN:105,(anonymous_7)
FN:111,(anonymous_8)
FN:117,(anonymous_9)
FN:125,(anonymous_10)
FN:131,(anonymous_11)
FN:137,(anonymous_12)
FN:143,(anonymous_13)
FN:157,(anonymous_14)
FNF:15
FNH:0
FNDA:0,ButtonGrid
FNDA:0,(anonymous_1)
FNDA:0,(anonymous_2)
FNDA:0,(anonymous_3)
FNDA:0,(anonymous_4)
FNDA:0,(anonymous_5)
FNDA:0,(anonymous_6)
FNDA:0,(anonymous_7)
FNDA:0,(anonymous_8)
FNDA:0,(anonymous_9)
FNDA:0,(anonymous_10)
FNDA:0,(anonymous_11)
FNDA:0,(anonymous_12)
FNDA:0,(anonymous_13)
FNDA:0,(anonymous_14)
DA:17,0
DA:65,0
DA:73,0
DA:79,0
DA:85,0
DA:91,0
DA:99,0
DA:105,0
DA:111,0
DA:117,0
DA:125,0
DA:131,0
DA:137,0
DA:143,0
DA:157,0
LF:15
LH:0
BRF:0
BRH:0
end_of_record
TN:
SF:src\components\CalculatorHeader.jsx
FN:3,CalculatorHeader
FN:16,(anonymous_1)
FN:23,(anonymous_2)
FN:41,(anonymous_3)
FN:52,(anonymous_4)
FNF:5
FNH:0
FNDA:0,CalculatorHeader
FNDA:0,(anonymous_1)
FNDA:0,(anonymous_2)
FNDA:0,(anonymous_3)
FNDA:0,(anonymous_4)
DA:10,0
DA:16,0
DA:23,0
DA:42,0
DA:43,0
DA:53,0
DA:54,0
LF:7
LH:0
BRDA:46,0,0,0
BRDA:46,0,1,0
BRDA:57,1,0,0
BRDA:57,1,1,0
BRF:4
BRH:0
end_of_record
TN:
SF:src\components\Display.jsx
FN:1,Display
FNF:1
FNH:0
FNDA:0,Display
DA:2,0
LF:1
LH:0
BRDA:23,0,0,0
BRDA:23,0,1,0
BRDA:32,1,0,0
BRDA:32,1,1,0
BRDA:46,2,0,0
BRDA:46,2,1,0
BRF:6
BRH:0
end_of_record
TN:
SF:src\components\Header.jsx
FN:3,Header
FNF:1
FNH:0
FNDA:0,Header
DA:4,0
LF:1
LH:0
BRF:0
BRH:0
end_of_record
TN:
SF:src\components\HistoryPanel.jsx
FN:3,HistoryPanel
FN:12,(anonymous_1)
FN:26,(anonymous_2)
FNF:3
FNH:0
FNDA:0,HistoryPanel
FNDA:0,(anonymous_1)
FNDA:0,(anonymous_2)
DA:4,0
DA:13,0
DA:26,0
LF:3
LH:0
BRDA:8,0,0,0
BRDA:8,0,1,0
BRDA:23,1,0,0
BRDA:23,1,1,0
BRF:4
BRH:0
end_of_record
TN:
SF:src\components\MemoryPanel.jsx
FN:3,MemoryPanel
FN:23,(anonymous_1)
FN:29,(anonymous_2)
FN:30,(anonymous_3)
FN:41,(anonymous_4)
FN:48,(anonymous_5)
FN:55,(anonymous_6)
FNF:7
FNH:0
FNDA:0,MemoryPanel
FNDA:0,(anonymous_1)
FNDA:0,(anonymous_2)
FNDA:0,(anonymous_3)
FNDA:0,(anonymous_4)
FNDA:0,(anonymous_5)
FNDA:0,(anonymous_6)
DA:13,0
DA:24,0
DA:29,0
DA:30,0
DA:41,0
DA:48,0
DA:55,0
LF:7
LH:0
BRDA:17,0,0,0
BRDA:17,0,1,0
BRDA:17,1,0,0
BRDA:17,1,1,0
BRDA:27,2,0,0
BRDA:27,2,1,0
BRDA:38,3,0,0
BRDA:38,3,1,0
BRDA:70,4,0,0
BRDA:70,4,1,0
BRF:10
BRH:0
end_of_record
TN:
SF:src\components\MobileHistoryDrawer.jsx
FN:5,MobileHistoryDrawer
FN:7,(anonymous_1)
FN:13,(anonymous_2)
FNF:3
FNH:0
FNDA:0,MobileHistoryDrawer
FNDA:0,(anonymous_1)
FNDA:0,(anonymous_2)
DA:7,0
DA:8,0
DA:9,0
DA:11,0
DA:13,0
DA:14,0
DA:18,0
DA:20,0
LF:8
LH:0
BRDA:8,0,0,0
BRDA:8,0,1,0
BRDA:18,1,0,0
BRDA:18,1,1,0
BRDA:33,2,0,0
BRDA:33,2,1,0
BRF:6
BRH:0
end_of_record
TN:
SF:src\components\SidePanel.jsx
FN:4,SidePanel
FNF:1
FNH:0
FNDA:0,SidePanel
DA:18,0
LF:1
LH:0
BRDA:20,0,0,0
BRDA:20,0,1,0
BRDA:22,1,0,0
BRDA:22,1,1,0
BRDA:35,2,0,0
BRDA:35,2,1,0
BRDA:35,2,2,0
BRF:7
BRH:0
end_of_record
TN:
SF:src\hooks\useCalculator.js
FN:3,useCalculator
FN:21,(anonymous_1)
FN:46,(anonymous_2)
FN:51,(anonymous_3)
FN:69,(anonymous_4)
FN:125,(anonymous_5)
FN:170,(anonymous_6)
FN:175,(anonymous_7)
FN:186,(anonymous_8)
FN:194,(anonymous_9)
FN:200,(anonymous_10)
FN:201,(anonymous_11)
FN:202,(anonymous_12)
FN:203,(anonymous_13)
FN:206,(anonymous_14)
FN:212,(anonymous_15)
FN:221,(anonymous_16)
FN:234,(anonymous_17)
FN:247,(anonymous_18)
FN:254,(anonymous_19)
FN:255,(anonymous_20)
FN:263,(anonymous_21)
FN:271,(anonymous_22)
FNF:23
FNH:19
FNDA:283,useCalculator
FNDA:132,(anonymous_1)
FNDA:6,(anonymous_2)
FNDA:35,(anonymous_3)
FNDA:31,(anonymous_4)
FNDA:8,(anonymous_5)
FNDA:1,(anonymous_6)
FNDA:5,(anonymous_7)
FNDA:4,(anonymous_8)
FNDA:4,(anonymous_9)
FNDA:2,(anonymous_10)
FNDA:2,(anonymous_11)
FNDA:2,(anonymous_12)
FNDA:2,(anonymous_13)
FNDA:1,(anonymous_14)
FNDA:1,(anonymous_15)
FNDA:2,(anonymous_16)
FNDA:2,(anonymous_17)
FNDA:6,(anonymous_18)
FNDA:0,(anonymous_19)
FNDA:0,(anonymous_20)
FNDA:0,(anonymous_21)
FNDA:0,(anonymous_22)
DA:5,283
DA:6,283
DA:9,283
DA:10,283
DA:11,283
DA:12,283
DA:13,283
DA:16,283
DA:17,283
DA:18,283
DA:21,283
DA:22,132
DA:25,132
DA:32,131
DA:37,86
DA:38,86
DA:39,86
DA:41,45
DA:46,283
DA:47,6
DA:51,283
DA:53,35
DA:60,35
DA:61,35
DA:62,35
DA:63,35
DA:64,35
DA:65,35
DA:69,283
DA:70,31
DA:72,31
DA:75,31
DA:76,31
DA:79,31
DA:85,31
DA:88,31
DA:90,31
DA:92,5
DA:93,2
DA:94,2
DA:95,2
DA:96,2
DA:97,2
DA:99,3
DA:100,3
DA:102,8
DA:103,8
DA:105,5
DA:106,5
DA:108,13
DA:109,13
DA:111,0
DA:114,29
DA:115,29
DA:118,29
DA:125,283
DA:126,8
DA:127,8
DA:128,8
DA:131,8
DA:133,2
DA:134,2
DA:135,2
DA:137,2
DA:138,1
DA:139,1
DA:140,1
DA:141,1
DA:143,1
DA:144,1
DA:145,1
DA:147,2
DA:148,2
DA:149,2
DA:151,2
DA:152,1
DA:153,1
DA:154,1
DA:155,1
DA:157,1
DA:158,1
DA:159,1
DA:161,0
DA:164,6
DA:165,6
DA:166,6
DA:170,283
DA:171,1
DA:175,283
DA:176,5
DA:177,5
DA:178,5
DA:179,5
DA:180,5
DA:181,5
DA:182,5
DA:186,283
DA:188,4
DA:194,283
DA:196,4
DA:200,283
DA:201,283
DA:202,283
DA:203,283
DA:206,283
DA:207,1
DA:208,1
DA:212,283
DA:213,1
DA:214,1
DA:215,1
DA:216,1
DA:221,283
DA:222,2
DA:223,2
DA:224,1
DA:225,1
DA:226,1
DA:228,1
DA:229,1
DA:234,283
DA:235,2
DA:236,2
DA:237,1
DA:238,1
DA:239,1
DA:241,1
DA:242,1
DA:247,283
DA:248,6
DA:249,6
DA:250,6
DA:254,283
DA:255,0
DA:256,0
DA:257,0
DA:258,0
DA:263,283
DA:264,0
DA:265,0
DA:266,0
DA:267,0
DA:271,283
DA:272,0
DA:273,0
DA:274,0
DA:275,0
DA:278,283
LF:148
LH:134
BRDA:25,0,0,1
BRDA:25,0,1,131
BRDA:25,1,0,132
BRDA:25,1,1,6
BRDA:32,2,0,86
BRDA:32,2,1,45
BRDA:33,3,0,131
BRDA:33,3,1,39
BRDA:33,3,2,100
BRDA:33,3,3,96
BRDA:33,3,4,53
BRDA:33,3,5,52
BRDA:63,4,0,35
BRDA:63,4,1,0
BRDA:70,5,0,0
BRDA:70,5,1,31
BRDA:86,6,0,31
BRDA:86,6,1,0
BRDA:90,7,0,5
BRDA:90,7,1,8
BRDA:90,7,2,5
BRDA:90,7,3,13
BRDA:90,7,4,0
BRDA:92,8,0,2
BRDA:92,8,1,3
BRDA:131,9,0,2
BRDA:131,9,1,2
BRDA:131,9,2,2
BRDA:131,9,3,2
BRDA:131,9,4,0
BRDA:137,10,0,1
BRDA:137,10,1,1
BRDA:151,11,0,1
BRDA:151,11,1,1
BRDA:189,12,0,1
BRDA:189,12,1,3
BRDA:196,13,0,4
BRDA:196,13,1,0
BRDA:213,14,0,1
BRDA:213,14,1,0
BRDA:223,15,0,1
BRDA:223,15,1,1
BRDA:236,16,0,1
BRDA:236,16,1,1
BRDA:257,17,0,0
BRDA:257,17,1,0
BRF:46
BRH:37
end_of_record
